This is pdfTeX, Version 3.141592653-2.6-1.40.22 (TeX Live 2021) (preloaded format=pdflatex 2021.7.27)  27 APR 2022 23:43
entering extended mode
 restricted \write18 enabled.
 file:line:error style messages enabled.
 %&-line parsing enabled.
**/Users/hussainnawaz/math/math2111_Higher_Several_Variable_Calculus/math2111_notes/differentiability.tex
(/Users/hussainnawaz/math/math2111_Higher_Several_Variable_Calculus/math2111_notes/differentiability.tex
LaTeX2e <2020-10-01> patch level 4
L3 programming layer <2021-02-18> (/usr/local/texlive/2021/texmf-dist/tex/latex/l3backend/l3backend-pdftex.def
File: l3backend-pdftex.def 2021-03-18 L3 backend support: PDF output (pdfTeX)
\l__color_backend_stack_int=\count179
\l__pdf_internal_box=\box47
) (/Users/hussainnawaz/math/math2111_Higher_Several_Variable_Calculus/math2111_notes/differentiability.aux)
\openout1 = `differentiability.aux'.

LaTeX Font Info:    Checking defaults for OML/cmm/m/it on input line 1.
LaTeX Font Info:    ... okay on input line 1.
LaTeX Font Info:    Checking defaults for OMS/cmsy/m/n on input line 1.
LaTeX Font Info:    ... okay on input line 1.
LaTeX Font Info:    Checking defaults for OT1/cmr/m/n on input line 1.
LaTeX Font Info:    ... okay on input line 1.
LaTeX Font Info:    Checking defaults for T1/cmr/m/n on input line 1.
LaTeX Font Info:    ... okay on input line 1.
LaTeX Font Info:    Checking defaults for TS1/cmr/m/n on input line 1.
LaTeX Font Info:    ... okay on input line 1.
LaTeX Font Info:    Checking defaults for OMX/cmex/m/n on input line 1.
LaTeX Font Info:    ... okay on input line 1.
LaTeX Font Info:    Checking defaults for U/cmr/m/n on input line 1.
LaTeX Font Info:    ... okay on input line 1.


/Users/hussainnawaz/math/math2111_Higher_Several_Variable_Calculus/math2111_notes/differentiability.tex:1: LaTeX Error: The font size command \normalsize is not defined:
               there is probably something wrong with the class file.

See the LaTeX manual or LaTeX Companion for explanation.
Type  H <return>  for immediate help.
 ...                                              
                                                  
l.1 \begin{document}
                    
Your command was ignored.
Type  I <command> <return>  to replace it with another command,
or  <return>  to continue without it.

/Users/hussainnawaz/math/math2111_Higher_Several_Variable_Calculus/math2111_notes/differentiability.tex:2: Undefined control sequence.
l.2     \section
                {Differentiation}
The control sequence at the end of the top line
of your error message was never \def'ed. If you have
misspelled it (e.g., `\hobx'), type `I' and the correct
spelling (e.g., `I\hbox'). Otherwise just continue,
and I'll forget about whatever was undefined.

/Users/hussainnawaz/math/math2111_Higher_Several_Variable_Calculus/math2111_notes/differentiability.tex:4: Undefined control sequence.
l.4     \subsection
                   {Differentiability, Derivatives and Affine Approximations}
The control sequence at the end of the top line
of your error message was never \def'ed. If you have
misspelled it (e.g., `\hobx'), type `I' and the correct
spelling (e.g., `I\hbox'). Otherwise just continue,
and I'll forget about whatever was undefined.

/Users/hussainnawaz/math/math2111_Higher_Several_Variable_Calculus/math2111_notes/differentiability.tex:6: Undefined control sequence.
l.6     \paragraph
                  {Differentiability in \(\mathbb{R}\)}
The control sequence at the end of the top line
of your error message was never \def'ed. If you have
misspelled it (e.g., `\hobx'), type `I' and the correct
spelling (e.g., `I\hbox'). Otherwise just continue,
and I'll forget about whatever was undefined.

LaTeX Font Info:    External font `cmex10' loaded for size
(Font)              <7> on input line 6.
LaTeX Font Info:    External font `cmex10' loaded for size
(Font)              <5> on input line 6.
/Users/hussainnawaz/math/math2111_Higher_Several_Variable_Calculus/math2111_notes/differentiability.tex:6: Undefined control sequence.
l.6     \paragraph{Differentiability in \(\mathbb
                                                 {R}\)}
The control sequence at the end of the top line
of your error message was never \def'ed. If you have
misspelled it (e.g., `\hobx'), type `I' and the correct
spelling (e.g., `I\hbox'). Otherwise just continue,
and I'll forget about whatever was undefined.

/Users/hussainnawaz/math/math2111_Higher_Several_Variable_Calculus/math2111_notes/differentiability.tex:7: Undefined control sequence.
l.7     A function \(f: \mathbb
                               {R}\to \mathbb{R}\) being differentiable at s...
The control sequence at the end of the top line
of your error message was never \def'ed. If you have
misspelled it (e.g., `\hobx'), type `I' and the correct
spelling (e.g., `I\hbox'). Otherwise just continue,
and I'll forget about whatever was undefined.

/Users/hussainnawaz/math/math2111_Higher_Several_Variable_Calculus/math2111_notes/differentiability.tex:7: Undefined control sequence.
l.7     A function \(f: \mathbb{R}\to \mathbb
                                             {R}\) being differentiable at s...
The control sequence at the end of the top line
of your error message was never \def'ed. If you have
misspelled it (e.g., `\hobx'), type `I' and the correct
spelling (e.g., `I\hbox'). Otherwise just continue,
and I'll forget about whatever was undefined.

/Users/hussainnawaz/math/math2111_Higher_Several_Variable_Calculus/math2111_notes/differentiability.tex:7: Undefined control sequence.
l.7 ...being differentiable at some \(a\in \mathbb
                                                  {R}\)
The control sequence at the end of the top line
of your error message was never \def'ed. If you have
misspelled it (e.g., `\hobx'), type `I' and the correct
spelling (e.g., `I\hbox'). Otherwise just continue,
and I'll forget about whatever was undefined.

/Users/hussainnawaz/math/math2111_Higher_Several_Variable_Calculus/math2111_notes/differentiability.tex:11: Undefined control sequence.
l.11 ...a\), \(y= f(a) - f'(a)a\) and \(L: \mathbb
                                                  {R}\to \mathbb{R} = f'(a)x\).
The control sequence at the end of the top line
of your error message was never \def'ed. If you have
misspelled it (e.g., `\hobx'), type `I' and the correct
spelling (e.g., `I\hbox'). Otherwise just continue,
and I'll forget about whatever was undefined.

/Users/hussainnawaz/math/math2111_Higher_Several_Variable_Calculus/math2111_notes/differentiability.tex:11: Undefined control sequence.
l.11 ... - f'(a)a\) and \(L: \mathbb{R}\to \mathbb
                                                  {R} = f'(a)x\).
The control sequence at the end of the top line
of your error message was never \def'ed. If you have
misspelled it (e.g., `\hobx'), type `I' and the correct
spelling (e.g., `I\hbox'). Otherwise just continue,
and I'll forget about whatever was undefined.

/Users/hussainnawaz/math/math2111_Higher_Several_Variable_Calculus/math2111_notes/differentiability.tex:15: Undefined control sequence.
l.15     \paragraph
                   {Affine Maps}
The control sequence at the end of the top line
of your error message was never \def'ed. If you have
misspelled it (e.g., `\hobx'), type `I' and the correct
spelling (e.g., `I\hbox'). Otherwise just continue,
and I'll forget about whatever was undefined.

/Users/hussainnawaz/math/math2111_Higher_Several_Variable_Calculus/math2111_notes/differentiability.tex:16: Undefined control sequence.
l.16     A function \(T: \mathbb
                                {R}^n \to \mathbb{R}^m\) being affine means ...
The control sequence at the end of the top line
of your error message was never \def'ed. If you have
misspelled it (e.g., `\hobx'), type `I' and the correct
spelling (e.g., `I\hbox'). Otherwise just continue,
and I'll forget about whatever was undefined.

/Users/hussainnawaz/math/math2111_Higher_Several_Variable_Calculus/math2111_notes/differentiability.tex:16: Undefined control sequence.
l.16     A function \(T: \mathbb{R}^n \to \mathbb
                                                 {R}^m\) being affine means ...
The control sequence at the end of the top line
of your error message was never \def'ed. If you have
misspelled it (e.g., `\hobx'), type `I' and the correct
spelling (e.g., `I\hbox'). Otherwise just continue,
and I'll forget about whatever was undefined.

/Users/hussainnawaz/math/math2111_Higher_Several_Variable_Calculus/math2111_notes/differentiability.tex:17: Undefined control sequence.
l.17 ...a \(y_0\) such that for all \(x\in \mathbb
                                                  {R}^n\)
The control sequence at the end of the top line
of your error message was never \def'ed. If you have
misspelled it (e.g., `\hobx'), type `I' and the correct
spelling (e.g., `I\hbox'). Otherwise just continue,
and I'll forget about whatever was undefined.

/Users/hussainnawaz/math/math2111_Higher_Several_Variable_Calculus/math2111_notes/differentiability.tex:20: Undefined control sequence.
l.20     In \(T: \mathbb
                        {R}\to \mathbb{R}\) this sis of the form \(y = mx+b\).
The control sequence at the end of the top line
of your error message was never \def'ed. If you have
misspelled it (e.g., `\hobx'), type `I' and the correct
spelling (e.g., `I\hbox'). Otherwise just continue,
and I'll forget about whatever was undefined.

/Users/hussainnawaz/math/math2111_Higher_Several_Variable_Calculus/math2111_notes/differentiability.tex:20: Undefined control sequence.
l.20     In \(T: \mathbb{R}\to \mathbb
                                      {R}\) this sis of the form \(y = mx+b\).
The control sequence at the end of the top line
of your error message was never \def'ed. If you have
misspelled it (e.g., `\hobx'), type `I' and the correct
spelling (e.g., `I\hbox'). Otherwise just continue,
and I'll forget about whatever was undefined.

/Users/hussainnawaz/math/math2111_Higher_Several_Variable_Calculus/math2111_notes/differentiability.tex:22: Undefined control sequence.
l.22     A function \(f: \mathbb
                                {R}\to \mathbb{R}\) is differentiable if the...
The control sequence at the end of the top line
of your error message was never \def'ed. If you have
misspelled it (e.g., `\hobx'), type `I' and the correct
spelling (e.g., `I\hbox'). Otherwise just continue,
and I'll forget about whatever was undefined.

/Users/hussainnawaz/math/math2111_Higher_Several_Variable_Calculus/math2111_notes/differentiability.tex:22: Undefined control sequence.
l.22     A function \(f: \mathbb{R}\to \mathbb
                                              {R}\) is differentiable if the...
The control sequence at the end of the top line
of your error message was never \def'ed. If you have
misspelled it (e.g., `\hobx'), type `I' and the correct
spelling (e.g., `I\hbox'). Otherwise just continue,
and I'll forget about whatever was undefined.

/Users/hussainnawaz/math/math2111_Higher_Several_Variable_Calculus/math2111_notes/differentiability.tex:28: Undefined control sequence.
l.28     \paragraph
                   {Differentiability in \(\mathbb{R}^n\to \mathbb{R}^n\)}
The control sequence at the end of the top line
of your error message was never \def'ed. If you have
misspelled it (e.g., `\hobx'), type `I' and the correct
spelling (e.g., `I\hbox'). Otherwise just continue,
and I'll forget about whatever was undefined.

/Users/hussainnawaz/math/math2111_Higher_Several_Variable_Calculus/math2111_notes/differentiability.tex:28: Undefined control sequence.
l.28     \paragraph{Differentiability in \(\mathbb
                                                  {R}^n\to \mathbb{R}^n\)}
The control sequence at the end of the top line
of your error message was never \def'ed. If you have
misspelled it (e.g., `\hobx'), type `I' and the correct
spelling (e.g., `I\hbox'). Otherwise just continue,
and I'll forget about whatever was undefined.

/Users/hussainnawaz/math/math2111_Higher_Several_Variable_Calculus/math2111_notes/differentiability.tex:28: Undefined control sequence.
l.28 ...erentiability in \(\mathbb{R}^n\to \mathbb
                                                  {R}^n\)}
The control sequence at the end of the top line
of your error message was never \def'ed. If you have
misspelled it (e.g., `\hobx'), type `I' and the correct
spelling (e.g., `I\hbox'). Otherwise just continue,
and I'll forget about whatever was undefined.

/Users/hussainnawaz/math/math2111_Higher_Several_Variable_Calculus/math2111_notes/differentiability.tex:30: Undefined control sequence.
l.30     A function \(f: \Omega\subset \mathbb
                                              {R}^n \to \mathbb{R}^m\) is di...
The control sequence at the end of the top line
of your error message was never \def'ed. If you have
misspelled it (e.g., `\hobx'), type `I' and the correct
spelling (e.g., `I\hbox'). Otherwise just continue,
and I'll forget about whatever was undefined.

/Users/hussainnawaz/math/math2111_Higher_Several_Variable_Calculus/math2111_notes/differentiability.tex:30: Undefined control sequence.
l.30 ...(f: \Omega\subset \mathbb{R}^n \to \mathbb
                                                  {R}^m\) is differentiable ...
The control sequence at the end of the top line
of your error message was never \def'ed. If you have
misspelled it (e.g., `\hobx'), type `I' and the correct
spelling (e.g., `I\hbox'). Otherwise just continue,
and I'll forget about whatever was undefined.

/Users/hussainnawaz/math/math2111_Higher_Several_Variable_Calculus/math2111_notes/differentiability.tex:31: Undefined control sequence.
l.31     \(a\in\mathbb
                      {\Omega}\) if there exists a linear map \(L: \mathbb{R...
The control sequence at the end of the top line
of your error message was never \def'ed. If you have
misspelled it (e.g., `\hobx'), type `I' and the correct
spelling (e.g., `I\hbox'). Otherwise just continue,
and I'll forget about whatever was undefined.

/Users/hussainnawaz/math/math2111_Higher_Several_Variable_Calculus/math2111_notes/differentiability.tex:31: Undefined control sequence.
l.31 ... if there exists a linear map \(L: \mathbb
                                                  {R}n\to \mathbb{R}^m\)
The control sequence at the end of the top line
of your error message was never \def'ed. If you have
misspelled it (e.g., `\hobx'), type `I' and the correct
spelling (e.g., `I\hbox'). Otherwise just continue,
and I'll forget about whatever was undefined.

/Users/hussainnawaz/math/math2111_Higher_Several_Variable_Calculus/math2111_notes/differentiability.tex:31: Undefined control sequence.
l.31 ...s a linear map \(L: \mathbb{R}n\to \mathbb
                                                  {R}^m\)
The control sequence at the end of the top line
of your error message was never \def'ed. If you have
misspelled it (e.g., `\hobx'), type `I' and the correct
spelling (e.g., `I\hbox'). Otherwise just continue,
and I'll forget about whatever was undefined.

/Users/hussainnawaz/math/math2111_Higher_Several_Variable_Calculus/math2111_notes/differentiability.tex:44: Undefined control sequence.
l.44     \paragraph
                   {Delta Epsilon Definition of Differentiability}
The control sequence at the end of the top line
of your error message was never \def'ed. If you have
misspelled it (e.g., `\hobx'), type `I' and the correct
spelling (e.g., `I\hbox'). Otherwise just continue,
and I'll forget about whatever was undefined.

/Users/hussainnawaz/math/math2111_Higher_Several_Variable_Calculus/math2111_notes/differentiability.tex:45: Undefined control sequence.
l.45     A function \(f: \Omega\subset \mathbb
                                              {R}\to \mathbb{R}^m\) is
The control sequence at the end of the top line
of your error message was never \def'ed. If you have
misspelled it (e.g., `\hobx'), type `I' and the correct
spelling (e.g., `I\hbox'). Otherwise just continue,
and I'll forget about whatever was undefined.

/Users/hussainnawaz/math/math2111_Higher_Several_Variable_Calculus/math2111_notes/differentiability.tex:45: Undefined control sequence.
l.45 ...n \(f: \Omega\subset \mathbb{R}\to \mathbb
                                                  {R}^m\) is
The control sequence at the end of the top line
of your error message was never \def'ed. If you have
misspelled it (e.g., `\hobx'), type `I' and the correct
spelling (e.g., `I\hbox'). Otherwise just continue,
and I'll forget about whatever was undefined.

/Users/hussainnawaz/math/math2111_Higher_Several_Variable_Calculus/math2111_notes/differentiability.tex:46: Undefined control sequence.
l.46 ...ga\) if there is a linear map \(L: \mathbb
                                                  {R}^n\to \mathbb{R}^m\)
The control sequence at the end of the top line
of your error message was never \def'ed. If you have
misspelled it (e.g., `\hobx'), type `I' and the correct
spelling (e.g., `I\hbox'). Otherwise just continue,
and I'll forget about whatever was undefined.

/Users/hussainnawaz/math/math2111_Higher_Several_Variable_Calculus/math2111_notes/differentiability.tex:46: Undefined control sequence.
l.46 ... a linear map \(L: \mathbb{R}^n\to \mathbb
                                                  {R}^m\)
The control sequence at the end of the top line
of your error message was never \def'ed. If you have
misspelled it (e.g., `\hobx'), type `I' and the correct
spelling (e.g., `I\hbox'). Otherwise just continue,
and I'll forget about whatever was undefined.

/Users/hussainnawaz/math/math2111_Higher_Several_Variable_Calculus/math2111_notes/differentiability.tex:56: Undefined control sequence.
l.56 	\paragraph
                {Clairaut's Theorem / Mixed Derivative Theorem}
The control sequence at the end of the top line
of your error message was never \def'ed. If you have
misspelled it (e.g., `\hobx'), type `I' and the correct
spelling (e.g., `I\hbox'). Otherwise just continue,
and I'll forget about whatever was undefined.

/Users/hussainnawaz/math/math2111_Higher_Several_Variable_Calculus/math2111_notes/differentiability.tex:70: Undefined control sequence.
l.70     \paragraph
                   {Differentiability and Continuity} Differentiability impl...
The control sequence at the end of the top line
of your error message was never \def'ed. If you have
misspelled it (e.g., `\hobx'), type `I' and the correct
spelling (e.g., `I\hbox'). Otherwise just continue,
and I'll forget about whatever was undefined.

/Users/hussainnawaz/math/math2111_Higher_Several_Variable_Calculus/math2111_notes/differentiability.tex:73: Undefined control sequence.
l.73     \subsection
                    {Gradients, Affine Approximations and Matrices}
The control sequence at the end of the top line
of your error message was never \def'ed. If you have
misspelled it (e.g., `\hobx'), type `I' and the correct
spelling (e.g., `I\hbox'). Otherwise just continue,
and I'll forget about whatever was undefined.

/Users/hussainnawaz/math/math2111_Higher_Several_Variable_Calculus/math2111_notes/differentiability.tex:75: Undefined control sequence.
l.75     \paragraph
                   {Jacobian Matrices}
The control sequence at the end of the top line
of your error message was never \def'ed. If you have
misspelled it (e.g., `\hobx'), type `I' and the correct
spelling (e.g., `I\hbox'). Otherwise just continue,
and I'll forget about whatever was undefined.


/Users/hussainnawaz/math/math2111_Higher_Several_Variable_Calculus/math2111_notes/differentiability.tex:96: LaTeX Error: The font size command \normalsize is not defined:
               there is probably something wrong with the class file.

See the LaTeX manual or LaTeX Companion for explanation.
Type  H <return>  for immediate help.
 ...                                              
                                                  
l.96 \end{document}
                   
Your command was ignored.
Type  I <command> <return>  to replace it with another command,
or  <return>  to continue without it.

[1{/usr/local/texlive/2021/texmf-var/fonts/map/pdftex/updmap/pdftex.map}] (/Users/hussainnawaz/math/math2111_Higher_Several_Variable_Calculus/math2111_notes/differentiability.aux) ) 
Here is how much of TeX's memory you used:
 187 strings out of 478994
 5585 string characters out of 5858184
 297137 words of memory out of 5000000
 17761 multiletter control sequences out of 15000+600000
 403776 words of font info for 28 fonts, out of 8000000 for 9000
 1141 hyphenation exceptions out of 8191
 37i,4n,46p,245b,69s stack positions out of 5000i,500n,10000p,200000b,80000s
</usr/local/texlive/2021/texmf-dist/fonts/type1/public/amsfonts/cm/cmmi10.pfb></usr/local/texlive/2021/texmf-dist/fonts/type1/public/amsfonts/cm/cmmi5.pfb></usr/local/texlive/2021/texmf-dist/fonts/type1/public/amsfonts/cm/cmmi7.pfb></usr/local/texlive/2021/texmf-dist/fonts/type1/public/amsfonts/cm/cmr10.pfb></usr/local/texlive/2021/texmf-dist/fonts/type1/public/amsfonts/cm/cmr5.pfb></usr/local/texlive/2021/texmf-dist/fonts/type1/public/amsfonts/cm/cmr7.pfb></usr/local/texlive/2021/texmf-dist/fonts/type1/public/amsfonts/cm/cmsy10.pfb></usr/local/texlive/2021/texmf-dist/fonts/type1/public/amsfonts/cm/cmsy7.pfb></usr/local/texlive/2021/texmf-dist/fonts/type1/public/amsfonts/cm/cmti10.pfb>
Output written on /Users/hussainnawaz/math/math2111_Higher_Several_Variable_Calculus/math2111_notes/differentiability.pdf (1 page, 89984 bytes).
PDF statistics:
 44 PDF objects out of 1000 (max. 8388607)
 31 compressed objects within 1 object stream
 0 named destinations out of 1000 (max. 500000)
 1 words of extra memory for PDF output out of 10000 (max. 10000000)

