\BOOKMARK [1][-]{section.1}{\376\377\000C\000u\000r\000v\000e\000s\000\040\000a\000n\000d\000\040\000S\000u\000r\000f\000a\000c\000e\000s}{}% 1
\BOOKMARK [2][-]{subsection.1.1}{\376\377\000C\000u\000r\000v\000e\000s}{section.1}% 2
\BOOKMARK [1][-]{section.2}{\376\377\000A\000n\000a\000l\000y\000s\000i\000s}{}% 3
\BOOKMARK [2][-]{subsection.2.1}{\376\377\000A\000s\000s\000u\000m\000e\000d}{section.2}% 4
\BOOKMARK [2][-]{subsection.2.2}{\376\377\000L\000i\000m\000i\000t\000s}{section.2}% 5
\BOOKMARK [2][-]{subsection.2.3}{\376\377\000M\000e\000t\000r\000i\000c\000s}{section.2}% 6
\BOOKMARK [2][-]{subsection.2.4}{\376\377\000L\000i\000m\000i\000t\000s\000\040\000o\000f\000\040\000S\000e\000q\000u\000e\000n\000c\000e\000s}{section.2}% 7
\BOOKMARK [2][-]{subsection.2.5}{\376\377\000O\000p\000e\000n\000\040\000a\000n\000d\000\040\000C\000l\000o\000s\000e\000d\000\040\000S\000e\000t\000s}{section.2}% 8
\BOOKMARK [2][-]{subsection.2.6}{\376\377\000P\000i\000n\000c\000h\000i\000n\000g\000\040\000a\000n\000d\000\040\000I\000V\000T\000\040\000T\000h\000e\000o\000r\000e\000m}{section.2}% 9
\BOOKMARK [1][-]{section.3}{\376\377\000D\000i\000f\000f\000e\000r\000e\000n\000t\000i\000a\000t\000i\000o\000n}{}% 10
\BOOKMARK [2][-]{subsection.3.1}{\376\377\000D\000i\000f\000f\000e\000r\000e\000n\000t\000i\000a\000b\000i\000l\000i\000t\000y\000,\000\040\000D\000e\000r\000i\000v\000a\000t\000i\000v\000e\000s\000\040\000a\000n\000d\000\040\000A\000f\000f\000i\000n\000e\000\040\000A\000p\000p\000r\000o\000x\000i\000m\000a\000t\000i\000o\000n\000s}{section.3}% 11
\BOOKMARK [2][-]{subsection.3.2}{\376\377\000G\000r\000a\000d\000i\000e\000n\000t\000s\000,\000\040\000A\000f\000f\000i\000n\000e\000\040\000A\000p\000p\000r\000o\000x\000i\000m\000a\000t\000i\000o\000n\000s\000\040\000a\000n\000d\000\040\000M\000a\000t\000r\000i\000c\000e\000s}{section.3}% 12
\BOOKMARK [1][-]{section.4}{\376\377\000I\000n\000t\000e\000g\000r\000a\000t\000i\000o\000n}{}% 13
\BOOKMARK [1][-]{section.5}{\376\377\000F\000o\000u\000r\000i\000e\000r\000\040\000S\000e\000r\000i\000e\000s}{}% 14
\BOOKMARK [2][-]{subsection.5.1}{\376\377\000I\000n\000n\000e\000r\000\040\000P\000r\000o\000d\000u\000c\000t\000s}{section.5}% 15
\BOOKMARK [2][-]{subsection.5.2}{\376\377\000N\000o\000r\000m\000s}{section.5}% 16
\BOOKMARK [2][-]{subsection.5.3}{\376\377\000F\000o\000u\000r\000i\000e\000r\000\040\000C\000o\000e\000f\000f\000i\000c\000i\000e\000n\000t\000\040\000a\000n\000d\000\040\000S\000e\000r\000i\000e\000s}{section.5}% 17
\BOOKMARK [2][-]{subsection.5.4}{\376\377\000C\000o\000n\000v\000e\000r\000g\000e\000n\000c\000e\000\040\000o\000f\000\040\000F\000o\000u\000r\000i\000e\000r\000\040\000S\000e\000r\000i\000e\000s}{section.5}% 18
\BOOKMARK [2][-]{subsection.5.5}{\376\377\000C\000o\000n\000v\000e\000r\000g\000e\000n\000c\000e\000\040\000o\000f\000\040\000S\000e\000q\000u\000e\000n\000c\000e\000s}{section.5}% 19
\BOOKMARK [1][-]{section.6}{\376\377\000V\000e\000c\000t\000o\000r\000\040\000F\000i\000e\000l\000d\000s}{}% 20
\BOOKMARK [2][-]{subsection.6.1}{\376\377\000V\000e\000c\000t\000o\000r\000\040\000F\000i\000e\000l\000d\000s\000\040\000a\000n\000d\000\040\000F\000l\000o\000w\000s\000,\000\040\000D\000i\000v\000e\000r\000g\000e\000n\000c\000e\000\040\000a\000n\000d\000\040\000C\000u\000r\000l}{section.6}% 21
\BOOKMARK [2][-]{subsection.6.2}{\376\377\000V\000e\000c\000t\000o\000r\000\040\000I\000d\000e\000n\000t\000i\000t\000i\000e\000s}{section.6}% 22
\BOOKMARK [1][-]{section.7}{\376\377\000P\000a\000t\000h\000\040\000I\000n\000t\000e\000g\000r\000a\000l\000s}{}% 23
\BOOKMARK [2][-]{subsection.7.1}{\376\377\000P\000a\000t\000h\000\040\000I\000n\000t\000e\000g\000r\000a\000l\000s}{section.7}% 24
\BOOKMARK [2][-]{subsection.7.2}{\376\377\000A\000p\000p\000l\000i\000c\000a\000t\000i\000o\000n\000s\000\040\000O\000f\000\040\000P\000a\000t\000h\000\040\000I\000n\000t\000e\000g\000r\000a\000l\000s}{section.7}% 25
\BOOKMARK [1][-]{section.8}{\376\377\000V\000e\000c\000t\000o\000r\000\040\000L\000i\000n\000e\000\040\000I\000n\000t\000e\000g\000r\000a\000l\000s}{}% 26
\BOOKMARK [2][-]{subsection.8.1}{\376\377\000F\000u\000n\000d\000a\000m\000e\000n\000t\000a\000l\000\040\000T\000h\000e\000o\000r\000e\000m\000\040\000o\000f\000\040\000L\000i\000n\000e\000\040\000I\000n\000t\000e\000g\000r\000a\000l\000s}{section.8}% 27
\BOOKMARK [2][-]{subsection.8.2}{\376\377\000G\000r\000e\000e\000n\000'\000s\000\040\000T\000h\000e\000o\000r\000e\000m}{section.8}% 28
\BOOKMARK [1][-]{section.9}{}{}% 29
